[debug] [2018-09-02T07:25:42.528Z] ----------------------------------------------------------------------
[debug] [2018-09-02T07:25:42.532Z] Command:       /usr/local/bin/node /usr/local/bin/firebase serve
[debug] [2018-09-02T07:25:42.532Z] CLI Version:   4.2.1
[debug] [2018-09-02T07:25:42.532Z] Platform:      darwin
[debug] [2018-09-02T07:25:42.533Z] Node Version:  v6.14.4
[debug] [2018-09-02T07:25:42.533Z] Time:          Sun Sep 02 2018 15:25:42 GMT+0800 (CST)
[debug] [2018-09-02T07:25:42.533Z] ----------------------------------------------------------------------
[debug] 
[debug] [2018-09-02T07:25:42.559Z] > command requires scopes: ["email","openid","https://www.googleapis.com/auth/cloudplatformprojects.readonly","https://www.googleapis.com/auth/firebase","https://www.googleapis.com/auth/cloud-platform"]
[debug] [2018-09-02T07:25:42.559Z] > authorizing via signed-in user
[debug] [2018-09-02T07:25:42.563Z] > refreshing access token with scopes: ["email","https://www.googleapis.com/auth/cloud-platform","https://www.googleapis.com/auth/cloudplatformprojects.readonly","https://www.googleapis.com/auth/firebase","openid"]
[debug] [2018-09-02T07:25:42.563Z] >>> HTTP REQUEST POST https://www.googleapis.com/oauth2/v3/token  

[debug] [2018-09-02T07:25:42.717Z] <<< HTTP RESPONSE 200
[debug] [2018-09-02T07:25:42.761Z] >>> HTTP REQUEST GET https://admin.firebase.com/v1/projects/arduinofirebase-6d104  
 
[debug] [2018-09-02T07:25:43.586Z] <<< HTTP RESPONSE 200
[debug] [2018-09-02T07:25:43.588Z] >>> HTTP REQUEST GET https://cloudresourcemanager.googleapis.com/v1/projects/arduinofirebase-6d104  
 
[debug] [2018-09-02T07:25:44.570Z] <<< HTTP RESPONSE 200
[info] 
[info] === Serving from '/Users/t1/Documents/n2FirebaseWeb_Arduino1'...
[info] 
[debug] [2018-09-02T07:25:44.574Z] >>> HTTP REQUEST GET https://mobilesdk-pa.googleapis.com/v1/projects/775007261514/clients/_:getWebAppConfig  
 
[debug] [2018-09-02T07:25:45.182Z] <<< HTTP RESPONSE 200
[info] i  hosting[arduinofirebase-6d104]: Serving hosting files from: public
[info] ✔  hosting[arduinofirebase-6d104]: Local server: http://localhost:5000
[debug] [2018-09-09T02:37:47.602Z] ----------------------------------------------------------------------
[debug] [2018-09-09T02:37:47.605Z] Command:       /usr/local/bin/node /usr/local/bin/firebase serve
[debug] [2018-09-09T02:37:47.606Z] CLI Version:   4.2.1
[debug] [2018-09-09T02:37:47.606Z] Platform:      darwin
[debug] [2018-09-09T02:37:47.606Z] Node Version:  v6.14.4
[debug] [2018-09-09T02:37:47.607Z] Time:          Sun Sep 09 2018 10:37:47 GMT+0800 (CST)
[debug] [2018-09-09T02:37:47.607Z] ----------------------------------------------------------------------
[debug] 
[debug] [2018-09-09T02:37:47.634Z] > command requires scopes: ["email","openid","https://www.googleapis.com/auth/cloudplatformprojects.readonly","https://www.googleapis.com/auth/firebase","https://www.googleapis.com/auth/cloud-platform"]
[debug] [2018-09-09T02:37:47.634Z] > authorizing via signed-in user
[debug] [2018-09-09T02:37:47.637Z] > refreshing access token with scopes: ["email","https://www.googleapis.com/auth/cloud-platform","https://www.googleapis.com/auth/cloudplatformprojects.readonly","https://www.googleapis.com/auth/firebase","openid"]
[debug] [2018-09-09T02:37:47.638Z] >>> HTTP REQUEST POST https://www.googleapis.com/oauth2/v3/token  

[debug] [2018-09-09T02:37:47.771Z] <<< HTTP RESPONSE 200
[debug] [2018-09-09T02:37:47.854Z] >>> HTTP REQUEST GET https://admin.firebase.com/v1/projects/arduinofirebase-6d104  
 
[debug] [2018-09-09T02:37:48.773Z] <<< HTTP RESPONSE 200
[debug] [2018-09-09T02:37:48.775Z] >>> HTTP REQUEST GET https://cloudresourcemanager.googleapis.com/v1/projects/arduinofirebase-6d104  
 
[debug] [2018-09-09T02:37:49.738Z] <<< HTTP RESPONSE 200
[info] 
[info] === Serving from '/Users/t1/Documents/n2FirebaseWeb_Arduino1'...
[info] 
[debug] [2018-09-09T02:37:49.741Z] >>> HTTP REQUEST GET https://mobilesdk-pa.googleapis.com/v1/projects/775007261514/clients/_:getWebAppConfig  
 
[debug] [2018-09-09T02:37:50.172Z] <<< HTTP RESPONSE 200
[info] i  hosting[arduinofirebase-6d104]: Serving hosting files from: public
[info] ✔  hosting[arduinofirebase-6d104]: Local server: http://localhost:5000
